{
  "stats": {
    "suites": 1,
    "tests": 1,
    "passes": 1,
    "pending": 0,
    "failures": 0,
    "start": "2025-06-17T17:03:30.009Z",
    "end": "2025-06-17T17:03:49.093Z",
    "duration": 19084,
    "testsRegistered": 1,
    "passPercent": 100,
    "pendingPercent": 0,
    "other": 0,
    "hasOther": false,
    "skipped": 0,
    "hasSkipped": false
  },
  "results": [
    {
      "uuid": "1fbf7f66-050d-493d-b63b-de4b5f5b015c",
      "title": "",
      "fullFile": "cypress\\Integration\\Example\\Text5.js",
      "file": "cypress\\Integration\\Example\\Text5.js",
      "beforeHooks": [],
      "afterHooks": [],
      "tests": [],
      "suites": [
        {
          "uuid": "9aae1837-d384-42a5-a1a2-829166db5e2f",
          "title": "Child Window Handling",
          "fullFile": "",
          "file": "",
          "beforeHooks": [],
          "afterHooks": [],
          "tests": [
            {
              "title": "child window test cases",
              "fullTitle": "Child Window Handling child window test cases",
              "timedOut": null,
              "duration": 13875,
              "state": "passed",
              "speed": "slow",
              "pass": true,
              "fail": false,
              "pending": false,
              "context": null,
              "code": "cy.visit('https://rahulshettyacademy.com/AutomationPractice/');\ncy.get('#opentab').invoke('removeAttr', 'target').click();\ncy.origin('https://www.qaclickacademy.com', function () {\n  cy.get('#navbarSupportedContent a[href*=\"about\"]').click();\n  cy.get('.mt-50 h2').should('contain', 'QAClick Academy');\n});",
              "err": {},
              "uuid": "71571d55-8898-4304-99aa-a28321dc9cbe",
              "parentUUID": "9aae1837-d384-42a5-a1a2-829166db5e2f",
              "isHook": false,
              "skipped": false
            }
          ],
          "suites": [],
          "passes": [
            "71571d55-8898-4304-99aa-a28321dc9cbe"
          ],
          "failures": [],
          "pending": [],
          "skipped": [],
          "duration": 13875,
          "root": false,
          "rootEmpty": false,
          "_timeout": 2000
        }
      ],
      "passes": [],
      "failures": [],
      "pending": [],
      "skipped": [],
      "duration": 0,
      "root": true,
      "rootEmpty": true,
      "_timeout": 2000
    }
  ],
  "meta": {
    "mocha": {
      "version": "7.2.0"
    },
    "mochawesome": {
      "options": {
        "quiet": false,
        "reportFilename": "mochawesome",
        "saveHtml": false,
        "saveJson": true,
        "consoleReporter": "spec",
        "useInlineDiffs": false,
        "code": true
      },
      "version": "7.1.3"
    },
    "marge": {
      "options": {
        "overwrite": false,
        "html": false,
        "json": true,
        "reportDir": "cypress\\reports\\html\\.jsons"
      },
      "version": "6.2.0"
    }
  }
}