{
  "stats": {
    "suites": 1,
    "tests": 1,
    "passes": 1,
    "pending": 0,
    "failures": 0,
    "start": "2025-06-16T09:15:14.004Z",
    "end": "2025-06-16T09:15:21.917Z",
    "duration": 7913,
    "testsRegistered": 1,
    "passPercent": 100,
    "pendingPercent": 0,
    "other": 0,
    "hasOther": false,
    "skipped": 0,
    "hasSkipped": false
  },
  "results": [
    {
      "uuid": "2a44622d-7554-4115-933e-ab32d0eccd58",
      "title": "",
      "fullFile": "cypress\\Integration\\Example\\Text1.js",
      "file": "cypress\\Integration\\Example\\Text1.js",
      "beforeHooks": [],
      "afterHooks": [],
      "tests": [],
      "suites": [
        {
          "uuid": "b6c48b39-e918-4e1e-ac56-8f1ab08da30d",
          "title": "My First Test Suite ",
          "fullFile": "",
          "file": "",
          "beforeHooks": [],
          "afterHooks": [],
          "tests": [
            {
              "title": "my firsttest case",
              "fullTitle": "My First Test Suite  my firsttest case",
              "timedOut": null,
              "duration": 4821,
              "state": "passed",
              "speed": "fast",
              "pass": true,
              "fail": false,
              "pending": false,
              "context": null,
              "code": "// test step\ncy.visit('https://rahulshettyacademy.com/seleniumPractise/#/');\ncy.get('.search-keyword').type('ca');\ncy.wait(2000);\ncy.get('.product:visible').should('have.length', 4);\n// parent child chaining\ncy.get('.products').as('productlocator');\ncy.get('@productlocator').find('.product').should('have.length', 4);\n// cy.get(':nth-child(2) > .product-action > button').click();\ncy.get('@productlocator').find('.product').eq(2).contains('ADD TO CART').click();\n//dyanmic click\ncy.get('@productlocator').find('.product').each(function ($el, index, $list) {\n  var textveg = $el.find('.product-name').text();\n  if (textveg.includes('Cashews ')) {\n    cy.wrap($el).find('button').click();\n  }\n});\ncy.get('.brand').should('have.text', 'GREENKART');\ncy.get('.brand').then(function (logo) {\n  cy.log(logo.text());\n  console.log('sf');\n});",
              "err": {},
              "uuid": "2e5557a9-c4f4-4f03-906e-21f4b6e8fb24",
              "parentUUID": "b6c48b39-e918-4e1e-ac56-8f1ab08da30d",
              "isHook": false,
              "skipped": false
            }
          ],
          "suites": [],
          "passes": [
            "2e5557a9-c4f4-4f03-906e-21f4b6e8fb24"
          ],
          "failures": [],
          "pending": [],
          "skipped": [],
          "duration": 4821,
          "root": false,
          "rootEmpty": false,
          "_timeout": 2000
        }
      ],
      "passes": [],
      "failures": [],
      "pending": [],
      "skipped": [],
      "duration": 0,
      "root": true,
      "rootEmpty": true,
      "_timeout": 2000
    }
  ],
  "meta": {
    "mocha": {
      "version": "7.2.0"
    },
    "mochawesome": {
      "options": {
        "quiet": false,
        "reportFilename": "mochawesome",
        "saveHtml": false,
        "saveJson": true,
        "consoleReporter": "spec",
        "useInlineDiffs": false,
        "code": true
      },
      "version": "7.1.3"
    },
    "marge": {
      "options": {
        "overwrite": false,
        "html": false,
        "json": true,
        "reportDir": "cypress\\reports\\html\\.jsons"
      },
      "version": "6.2.0"
    }
  }
}