{
  "stats": {
    "suites": 1,
    "tests": 1,
    "passes": 0,
    "pending": 0,
    "failures": 1,
    "start": "2025-06-16T09:14:16.502Z",
    "end": "2025-06-16T09:14:30.430Z",
    "duration": 13928,
    "testsRegistered": 1,
    "passPercent": 0,
    "pendingPercent": 0,
    "other": 0,
    "hasOther": false,
    "skipped": 0,
    "hasSkipped": false
  },
  "results": [
    {
      "uuid": "2f129a6e-2584-4555-8188-0676d3c9f304",
      "title": "",
      "fullFile": "cypress\\Integration\\Example\\Test8.js",
      "file": "cypress\\Integration\\Example\\Test8.js",
      "beforeHooks": [],
      "afterHooks": [],
      "tests": [],
      "suites": [
        {
          "uuid": "a2287349-275a-41b9-9505-23b689f67304",
          "title": "child window Handling",
          "fullFile": "",
          "file": "",
          "beforeHooks": [],
          "afterHooks": [],
          "tests": [
            {
              "title": "child window test cases",
              "fullTitle": "child window Handling child window test cases",
              "timedOut": null,
              "duration": 10543,
              "state": "failed",
              "speed": null,
              "pass": false,
              "fail": true,
              "pending": false,
              "context": null,
              "code": "cy.visit('https://rahulshettyacademy.com/AutomationPractice/');\ncy.get('#opentab').then(function (e1) {\n  var url = e1.prop('href');\n  cy.visit(url);\n  cy.origin(url, function () {\n    cy.get('#navbarSupportedContent a[href*=\"about\"]').click();\n    //cy.get('.mt-50 h2').should('contain','QAClick Academy');\n  });\n});",
              "err": {
                "message": "CypressError: `cy.origin()` failed to create a spec bridge to communicate with the specified origin. This can happen when you attempt to create a spec bridge to an insecure (http) frame from a secure (https) frame.\n\nCheck your Developer Tools Console for the actual error - it should be printed there.\n\nhttps://on.cypress.io/origin",
                "estack": "CypressError: `cy.origin()` failed to create a spec bridge to communicate with the specified origin. This can happen when you attempt to create a spec bridge to an insecure (http) frame from a secure (https) frame.\n\nCheck your Developer Tools Console for the actual error - it should be printed there.\n\nhttps://on.cypress.io/origin\n    at cypressErr (https://rahulshettyacademy.com/__cypress/runner/cypress_runner.js:77527:18)\n    at Object.errByPath (https://rahulshettyacademy.com/__cypress/runner/cypress_runner.js:77581:10)\n    at <unknown> (https://rahulshettyacademy.com/__cypress/runner/cypress_runner.js:123291:80)\nFrom Your Spec Code:\n    at Context.eval (cypress/Integration/Example/Test8.js:11:3)\n    at getRet (https://rahulshettyacademy.com/__cypress/runner/cypress_runner.js:120941:20)\n    at tryCatcher (https://rahulshettyacademy.com/__cypress/runner/cypress_runner.js:1777:23)\n    at Promise.attempt.Promise.try (https://rahulshettyacademy.com/__cypress/runner/cypress_runner.js:4285:29)\n    at Context.thenFn (https://rahulshettyacademy.com/__cypress/runner/cypress_runner.js:120952:66)\n    at Context.then (https://rahulshettyacademy.com/__cypress/runner/cypress_runner.js:121203:21)\n    at wrapped (https://rahulshettyacademy.com/__cypress/runner/cypress_runner.js:141524:19)",
                "diff": null
              },
              "uuid": "5e367852-2844-4e1f-aaea-e447a7ea3fd0",
              "parentUUID": "a2287349-275a-41b9-9505-23b689f67304",
              "isHook": false,
              "skipped": false
            }
          ],
          "suites": [],
          "passes": [],
          "failures": [
            "5e367852-2844-4e1f-aaea-e447a7ea3fd0"
          ],
          "pending": [],
          "skipped": [],
          "duration": 10543,
          "root": false,
          "rootEmpty": false,
          "_timeout": 2000
        }
      ],
      "passes": [],
      "failures": [],
      "pending": [],
      "skipped": [],
      "duration": 0,
      "root": true,
      "rootEmpty": true,
      "_timeout": 2000
    }
  ],
  "meta": {
    "mocha": {
      "version": "7.2.0"
    },
    "mochawesome": {
      "options": {
        "quiet": false,
        "reportFilename": "mochawesome",
        "saveHtml": false,
        "saveJson": true,
        "consoleReporter": "spec",
        "useInlineDiffs": false,
        "code": true
      },
      "version": "7.1.3"
    },
    "marge": {
      "options": {
        "overwrite": false,
        "html": false,
        "json": true,
        "reportDir": "cypress\\reports\\html\\.jsons"
      },
      "version": "6.2.0"
    }
  }
}