{
  "stats": {
    "suites": 1,
    "tests": 1,
    "passes": 1,
    "pending": 0,
    "failures": 0,
    "start": "2025-06-16T09:13:20.782Z",
    "end": "2025-06-16T09:13:31.557Z",
    "duration": 10775,
    "testsRegistered": 1,
    "passPercent": 100,
    "pendingPercent": 0,
    "other": 0,
    "hasOther": false,
    "skipped": 0,
    "hasSkipped": false
  },
  "results": [
    {
      "uuid": "8475eaeb-cc14-43ca-8930-2641f2bfd4ee",
      "title": "",
      "fullFile": "cypress\\Integration\\Example\\Test3.js",
      "file": "cypress\\Integration\\Example\\Test3.js",
      "beforeHooks": [],
      "afterHooks": [],
      "tests": [],
      "suites": [
        {
          "uuid": "34587573-84b9-4c70-9f56-32fbbe85e460",
          "title": "My Third Test Suite",
          "fullFile": "",
          "file": "",
          "beforeHooks": [],
          "afterHooks": [],
          "tests": [
            {
              "title": "My Third Test cases",
              "fullTitle": "My Third Test Suite My Third Test cases",
              "timedOut": null,
              "duration": 6873,
              "state": "passed",
              "speed": "medium",
              "pass": true,
              "fail": false,
              "pending": false,
              "context": null,
              "code": "cy.visit('https://rahulshettyacademy.com/AutomationPractice/');\ncy.get('#checkBoxOption1').check().should('be.checked').and('have.value', 'option1');\ncy.get('#checkBoxOption1').uncheck().should('not.be.checked');\ncy.get('input[type=\"checkbox\"]').should('have.length', 3);\ncy.get('input[type=\"checkbox\"]').check(['option2', 'option3']);\n//static dropdown\ncy.get('select').select('option2').should('have.value', 'option2');\n// dyanmic dropdown\ncy.get('#autocomplete').type('ind');\ncy.get('.ui-menu-item div').each(function ($el, index, $last) {\n  if ($el.text() == \"India\") {\n    $el.click();\n  }\n});\ncy.get('#autocomplete').should('have.value', 'India');\n//////\ncy.get('#displayed-text').should('be.visible');\ncy.get('#hide-textbox').click();\ncy.get('#displayed-text').should('not.be.visible');\ncy.get('#show-textbox').click();\ncy.get('#displayed-text').should('be.visible');\n// radio button\ncy.get('[value =\"radio2\"]').check().should('be.checked');",
              "err": {},
              "uuid": "2546e79b-c593-48e9-b87c-063cba08ac43",
              "parentUUID": "34587573-84b9-4c70-9f56-32fbbe85e460",
              "isHook": false,
              "skipped": false
            }
          ],
          "suites": [],
          "passes": [
            "2546e79b-c593-48e9-b87c-063cba08ac43"
          ],
          "failures": [],
          "pending": [],
          "skipped": [],
          "duration": 6873,
          "root": false,
          "rootEmpty": false,
          "_timeout": 2000
        }
      ],
      "passes": [],
      "failures": [],
      "pending": [],
      "skipped": [],
      "duration": 0,
      "root": true,
      "rootEmpty": true,
      "_timeout": 2000
    }
  ],
  "meta": {
    "mocha": {
      "version": "7.2.0"
    },
    "mochawesome": {
      "options": {
        "quiet": false,
        "reportFilename": "mochawesome",
        "saveHtml": false,
        "saveJson": true,
        "consoleReporter": "spec",
        "useInlineDiffs": false,
        "code": true
      },
      "version": "7.1.3"
    },
    "marge": {
      "options": {
        "overwrite": false,
        "html": false,
        "json": true,
        "reportDir": "cypress\\reports\\html\\.jsons"
      },
      "version": "6.2.0"
    }
  }
}