{
  "stats": {
    "suites": 1,
    "tests": 1,
    "passes": 1,
    "pending": 0,
    "failures": 0,
    "start": "2025-06-16T09:13:36.656Z",
    "end": "2025-06-16T09:13:45.048Z",
    "duration": 8392,
    "testsRegistered": 1,
    "passPercent": 100,
    "pendingPercent": 0,
    "other": 0,
    "hasOther": false,
    "skipped": 0,
    "hasSkipped": false
  },
  "results": [
    {
      "uuid": "081623cf-de6b-47c1-bd2f-983d609af28f",
      "title": "",
      "fullFile": "cypress\\Integration\\Example\\Test4.js",
      "file": "cypress\\Integration\\Example\\Test4.js",
      "beforeHooks": [],
      "afterHooks": [],
      "tests": [],
      "suites": [
        {
          "uuid": "93efb3ac-ada9-4fc5-b979-b2315e47e0d4",
          "title": "My Fourth Test Suite",
          "fullFile": "",
          "file": "",
          "beforeHooks": [],
          "afterHooks": [],
          "tests": [
            {
              "title": "My Fourth Test cases",
              "fullTitle": "My Fourth Test Suite My Fourth Test cases",
              "timedOut": null,
              "duration": 4356,
              "state": "passed",
              "speed": "fast",
              "pass": true,
              "fail": false,
              "pending": false,
              "context": null,
              "code": "cy.visit('https://rahulshettyacademy.com/AutomationPractice/');\ncy.get('#alertbtn').click();\ncy.get('input[id=\"confirmbtn\"]').click();\ncy.on('window:alert', function (str) {\n  //mocha\n  expect(str).to.equal('Hello , share this practice page and share your knowledge');\n});\n//confirm\ncy.on('window:confirm', function (str) {\n  //mocha\n  expect(str).to.equal('Hello , Are you sure you want to confirm?');\n});",
              "err": {},
              "uuid": "a4e2f420-d0fe-48d1-99d2-aaddaf7708a2",
              "parentUUID": "93efb3ac-ada9-4fc5-b979-b2315e47e0d4",
              "isHook": false,
              "skipped": false
            }
          ],
          "suites": [],
          "passes": [
            "a4e2f420-d0fe-48d1-99d2-aaddaf7708a2"
          ],
          "failures": [],
          "pending": [],
          "skipped": [],
          "duration": 4356,
          "root": false,
          "rootEmpty": false,
          "_timeout": 2000
        }
      ],
      "passes": [],
      "failures": [],
      "pending": [],
      "skipped": [],
      "duration": 0,
      "root": true,
      "rootEmpty": true,
      "_timeout": 2000
    }
  ],
  "meta": {
    "mocha": {
      "version": "7.2.0"
    },
    "mochawesome": {
      "options": {
        "quiet": false,
        "reportFilename": "mochawesome",
        "saveHtml": false,
        "saveJson": true,
        "consoleReporter": "spec",
        "useInlineDiffs": false,
        "code": true
      },
      "version": "7.1.3"
    },
    "marge": {
      "options": {
        "overwrite": false,
        "html": false,
        "json": true,
        "reportDir": "cypress\\reports\\html\\.jsons"
      },
      "version": "6.2.0"
    }
  }
}