{
  "stats": {
    "suites": 1,
    "tests": 1,
    "passes": 1,
    "pending": 0,
    "failures": 0,
    "start": "2025-06-16T09:14:04.336Z",
    "end": "2025-06-16T09:14:11.265Z",
    "duration": 6929,
    "testsRegistered": 1,
    "passPercent": 100,
    "pendingPercent": 0,
    "other": 0,
    "hasOther": false,
    "skipped": 0,
    "hasSkipped": false
  },
  "results": [
    {
      "uuid": "25fe8b33-d6a1-4154-ae7a-766cd9c8fad0",
      "title": "",
      "fullFile": "cypress\\Integration\\Example\\Test7.js",
      "file": "cypress\\Integration\\Example\\Test7.js",
      "beforeHooks": [],
      "afterHooks": [],
      "tests": [],
      "suites": [
        {
          "uuid": "2cad9d18-e715-46f8-9ff1-8efb484a958f",
          "title": "Mouse Hover Test Suite",
          "fullFile": "",
          "file": "",
          "beforeHooks": [],
          "afterHooks": [],
          "tests": [
            {
              "title": "Mouse Hover Test Cases",
              "fullTitle": "Mouse Hover Test Suite Mouse Hover Test Cases",
              "timedOut": null,
              "duration": 3533,
              "state": "passed",
              "speed": "fast",
              "pass": true,
              "fail": false,
              "pending": false,
              "context": null,
              "code": "cy.visit(\"https://rahulshettyacademy.com/AutomationPractice/\");\n// Mouse hover on the first image\n// cy.get('.mouse-hover-content').invoke('show')\ncy.contains('Top').click({\n  force: true\n});\ncy.url().should('include', 'top');",
              "err": {},
              "uuid": "09133003-1bf6-4f93-a66f-d72c375c2192",
              "parentUUID": "2cad9d18-e715-46f8-9ff1-8efb484a958f",
              "isHook": false,
              "skipped": false
            }
          ],
          "suites": [],
          "passes": [
            "09133003-1bf6-4f93-a66f-d72c375c2192"
          ],
          "failures": [],
          "pending": [],
          "skipped": [],
          "duration": 3533,
          "root": false,
          "rootEmpty": false,
          "_timeout": 2000
        }
      ],
      "passes": [],
      "failures": [],
      "pending": [],
      "skipped": [],
      "duration": 0,
      "root": true,
      "rootEmpty": true,
      "_timeout": 2000
    }
  ],
  "meta": {
    "mocha": {
      "version": "7.2.0"
    },
    "mochawesome": {
      "options": {
        "quiet": false,
        "reportFilename": "mochawesome",
        "saveHtml": false,
        "saveJson": true,
        "consoleReporter": "spec",
        "useInlineDiffs": false,
        "code": true
      },
      "version": "7.1.3"
    },
    "marge": {
      "options": {
        "overwrite": false,
        "html": false,
        "json": true,
        "reportDir": "cypress\\reports\\html\\.jsons"
      },
      "version": "6.2.0"
    }
  }
}