{
  "stats": {
    "suites": 1,
    "tests": 1,
    "passes": 1,
    "pending": 0,
    "failures": 0,
    "start": "2025-06-27T15:34:26.159Z",
    "end": "2025-06-27T15:34:43.934Z",
    "duration": 17775,
    "testsRegistered": 1,
    "passPercent": 100,
    "pendingPercent": 0,
    "other": 0,
    "hasOther": false,
    "skipped": 0,
    "hasSkipped": false
  },
  "results": [
    {
      "uuid": "f352974c-23a6-42aa-b301-4545df1825bd",
      "title": "",
      "fullFile": "cypress\\Integration\\Example\\Text5.js",
      "file": "cypress\\Integration\\Example\\Text5.js",
      "beforeHooks": [],
      "afterHooks": [],
      "tests": [],
      "suites": [
        {
          "uuid": "9f63af83-470e-41e7-b486-f6a4e896ba68",
          "title": "Child Window Handling",
          "fullFile": "",
          "file": "",
          "beforeHooks": [],
          "afterHooks": [],
          "tests": [
            {
              "title": "child window test cases",
              "fullTitle": "Child Window Handling child window test cases",
              "timedOut": null,
              "duration": 13707,
              "state": "passed",
              "speed": "slow",
              "pass": true,
              "fail": false,
              "pending": false,
              "context": null,
              "code": "cy.visit('https://rahulshettyacademy.com/AutomationPractice/');\ncy.get('#opentab').invoke('removeAttr', 'target').click();\ncy.origin('https://www.qaclickacademy.com', function () {\n  cy.get('#navbarSupportedContent a[href*=\"about\"]').click();\n  cy.get('.mt-50 h2').should('contain', 'QAClick Academy');\n});",
              "err": {},
              "uuid": "369427a9-9760-4d19-aa09-23eebe7154b3",
              "parentUUID": "9f63af83-470e-41e7-b486-f6a4e896ba68",
              "isHook": false,
              "skipped": false
            }
          ],
          "suites": [],
          "passes": [
            "369427a9-9760-4d19-aa09-23eebe7154b3"
          ],
          "failures": [],
          "pending": [],
          "skipped": [],
          "duration": 13707,
          "root": false,
          "rootEmpty": false,
          "_timeout": 2000
        }
      ],
      "passes": [],
      "failures": [],
      "pending": [],
      "skipped": [],
      "duration": 0,
      "root": true,
      "rootEmpty": true,
      "_timeout": 2000
    }
  ],
  "meta": {
    "mocha": {
      "version": "7.2.0"
    },
    "mochawesome": {
      "options": {
        "quiet": false,
        "reportFilename": "mochawesome",
        "saveHtml": false,
        "saveJson": true,
        "consoleReporter": "spec",
        "useInlineDiffs": false,
        "code": true
      },
      "version": "7.1.3"
    },
    "marge": {
      "options": {
        "overwrite": false,
        "html": false,
        "json": true,
        "reportDir": "cypress\\reports\\html\\.jsons"
      },
      "version": "6.2.0"
    }
  }
}