{
  "stats": {
    "suites": 1,
    "tests": 1,
    "passes": 1,
    "pending": 0,
    "failures": 0,
    "start": "2025-06-11T09:36:31.303Z",
    "end": "2025-06-11T09:36:46.517Z",
    "duration": 15214,
    "testsRegistered": 1,
    "passPercent": 100,
    "pendingPercent": 0,
    "other": 0,
    "hasOther": false,
    "skipped": 0,
    "hasSkipped": false
  },
  "results": [
    {
      "uuid": "661621d0-f651-4c4f-9d83-d47295dd2cb9",
      "title": "",
      "fullFile": "cypress\\Integration\\Example\\Text5.js",
      "file": "cypress\\Integration\\Example\\Text5.js",
      "beforeHooks": [],
      "afterHooks": [],
      "tests": [],
      "suites": [
        {
          "uuid": "dfb5df3c-92b1-459f-85da-978795b76125",
          "title": "Child Window Handling",
          "fullFile": "",
          "file": "",
          "beforeHooks": [],
          "afterHooks": [],
          "tests": [
            {
              "title": "child window test cases",
              "fullTitle": "Child Window Handling child window test cases",
              "timedOut": null,
              "duration": 11103,
              "state": "passed",
              "speed": "slow",
              "pass": true,
              "fail": false,
              "pending": false,
              "context": "{\n  \"title\": \"cypress-mochawesome-reporter-videos-passed\",\n  \"value\": \"cypress\\\\Integration\\\\Example\\\\Text5.js\"\n}",
              "code": "cy.visit('https://rahulshettyacademy.com/AutomationPractice/');\ncy.get('#opentab').invoke('removeAttr', 'target').click();\ncy.origin('https://www.qaclickacademy.com', function () {\n  cy.get('#navbarSupportedContent a[href*=\"about\"]').click();\n  cy.get('.mt-50 h2').should('contain', 'QAClick Academy');\n});",
              "err": {},
              "uuid": "35a0f7fd-7d2e-4d10-8888-f97fee456925",
              "parentUUID": "dfb5df3c-92b1-459f-85da-978795b76125",
              "isHook": false,
              "skipped": false
            }
          ],
          "suites": [],
          "passes": [
            "35a0f7fd-7d2e-4d10-8888-f97fee456925"
          ],
          "failures": [],
          "pending": [],
          "skipped": [],
          "duration": 11103,
          "root": false,
          "rootEmpty": false,
          "_timeout": 2000
        }
      ],
      "passes": [],
      "failures": [],
      "pending": [],
      "skipped": [],
      "duration": 0,
      "root": true,
      "rootEmpty": true,
      "_timeout": 2000
    }
  ],
  "meta": {
    "mocha": {
      "version": "7.2.0"
    },
    "mochawesome": {
      "options": {
        "quiet": false,
        "reportFilename": "mochawesome",
        "saveHtml": false,
        "saveJson": true,
        "consoleReporter": "spec",
        "useInlineDiffs": false,
        "code": true
      },
      "version": "7.1.3"
    },
    "marge": {
      "options": {
        "overwrite": false,
        "html": false,
        "json": true,
        "reportDir": "cypress\\reports\\html\\.jsons"
      },
      "version": "6.2.0"
    }
  }
}