{
  "stats": {
    "suites": 1,
    "tests": 1,
    "passes": 0,
    "pending": 0,
    "failures": 1,
    "start": "2025-06-18T09:54:01.882Z",
    "end": "2025-06-18T09:54:45.395Z",
    "duration": 43513,
    "testsRegistered": 1,
    "passPercent": 0,
    "pendingPercent": 0,
    "other": 0,
    "hasOther": false,
    "skipped": 0,
    "hasSkipped": false
  },
  "results": [
    {
      "uuid": "55003371-ee85-47b3-aa4f-f0179fb8b26c",
      "title": "",
      "fullFile": "cypress\\Integration\\Example\\Text5.js",
      "file": "cypress\\Integration\\Example\\Text5.js",
      "beforeHooks": [],
      "afterHooks": [],
      "tests": [],
      "suites": [
        {
          "uuid": "f578ea92-6ebe-4f04-9036-6e30f57cc880",
          "title": "Child Window Handling",
          "fullFile": "",
          "file": "",
          "beforeHooks": [],
          "afterHooks": [],
          "tests": [
            {
              "title": "child window test cases",
              "fullTitle": "Child Window Handling child window test cases",
              "timedOut": null,
              "duration": 36008,
              "state": "failed",
              "speed": null,
              "pass": false,
              "fail": true,
              "pending": false,
              "context": null,
              "code": "cy.visit('https://rahulshettyacademy.com/AutomationPractice/');\ncy.get('#opentab').invoke('removeAttr', 'target').click();\ncy.origin('https://www.qaclickacademy.com', function () {\n  cy.get('#navbarSupportedContent a[href*=\"about\"]').click();\n  cy.get('.mt-50 h2').should('contain', 'QAClick Academy');\n});",
              "err": {
                "message": "CypressError: `cy.origin()` failed to create a spec bridge to communicate with the specified origin. This can happen when you attempt to create a spec bridge to an insecure (http) frame from a secure (https) frame.\n\nCheck your Developer Tools Console for the actual error - it should be printed there.\n\nhttps://on.cypress.io/origin",
                "estack": "CypressError: `cy.origin()` failed to create a spec bridge to communicate with the specified origin. This can happen when you attempt to create a spec bridge to an insecure (http) frame from a secure (https) frame.\n\nCheck your Developer Tools Console for the actual error - it should be printed there.\n\nhttps://on.cypress.io/origin\n    at cypressErr (https://rahulshettyacademy.com/__cypress/runner/cypress_runner.js:77527:18)\n    at Object.errByPath (https://rahulshettyacademy.com/__cypress/runner/cypress_runner.js:77581:10)\n    at <unknown> (https://rahulshettyacademy.com/__cypress/runner/cypress_runner.js:123291:80)\nFrom Your Spec Code:\n    at Context.eval (cypress/Integration/Example/Text5.js:8:4)",
                "diff": null
              },
              "uuid": "912e6e4e-e0ce-47be-93d2-23b15867e29e",
              "parentUUID": "f578ea92-6ebe-4f04-9036-6e30f57cc880",
              "isHook": false,
              "skipped": false
            }
          ],
          "suites": [],
          "passes": [],
          "failures": [
            "912e6e4e-e0ce-47be-93d2-23b15867e29e"
          ],
          "pending": [],
          "skipped": [],
          "duration": 36008,
          "root": false,
          "rootEmpty": false,
          "_timeout": 2000
        }
      ],
      "passes": [],
      "failures": [],
      "pending": [],
      "skipped": [],
      "duration": 0,
      "root": true,
      "rootEmpty": true,
      "_timeout": 2000
    }
  ],
  "meta": {
    "mocha": {
      "version": "7.2.0"
    },
    "mochawesome": {
      "options": {
        "quiet": false,
        "reportFilename": "mochawesome",
        "saveHtml": false,
        "saveJson": true,
        "consoleReporter": "spec",
        "useInlineDiffs": false,
        "code": true
      },
      "version": "7.1.3"
    },
    "marge": {
      "options": {
        "overwrite": false,
        "html": false,
        "json": true,
        "reportDir": "cypress\\reports\\html\\.jsons"
      },
      "version": "6.2.0"
    }
  }
}