{
  "stats": {
    "suites": 1,
    "tests": 1,
    "passes": 1,
    "pending": 0,
    "failures": 0,
    "start": "2025-06-13T13:48:54.564Z",
    "end": "2025-06-13T13:49:09.603Z",
    "duration": 15039,
    "testsRegistered": 1,
    "passPercent": 100,
    "pendingPercent": 0,
    "other": 0,
    "hasOther": false,
    "skipped": 0,
    "hasSkipped": false
  },
  "results": [
    {
      "uuid": "888d4981-f035-4d9a-8775-c01e4cef5601",
      "title": "",
      "fullFile": "cypress\\Integration\\Example\\Text5.js",
      "file": "cypress\\Integration\\Example\\Text5.js",
      "beforeHooks": [],
      "afterHooks": [],
      "tests": [],
      "suites": [
        {
          "uuid": "f70aeb25-1758-4c13-8b49-3cc56fa9b35e",
          "title": "Child Window Handling",
          "fullFile": "",
          "file": "",
          "beforeHooks": [],
          "afterHooks": [],
          "tests": [
            {
              "title": "child window test cases",
              "fullTitle": "Child Window Handling child window test cases",
              "timedOut": null,
              "duration": 11364,
              "state": "passed",
              "speed": "slow",
              "pass": true,
              "fail": false,
              "pending": false,
              "context": "{\n  \"title\": \"cypress-mochawesome-reporter-videos-passed\",\n  \"value\": \"cypress\\\\Integration\\\\Example\\\\Text5.js\"\n}",
              "code": "cy.visit('https://rahulshettyacademy.com/AutomationPractice/');\ncy.get('#opentab').invoke('removeAttr', 'target').click();\ncy.origin('https://www.qaclickacademy.com', function () {\n  cy.get('#navbarSupportedContent a[href*=\"about\"]').click();\n  cy.get('.mt-50 h2').should('contain', 'QAClick Academy');\n});",
              "err": {},
              "uuid": "8b353ca5-9558-4d82-b2f1-c8a27f862bd0",
              "parentUUID": "f70aeb25-1758-4c13-8b49-3cc56fa9b35e",
              "isHook": false,
              "skipped": false
            }
          ],
          "suites": [],
          "passes": [
            "8b353ca5-9558-4d82-b2f1-c8a27f862bd0"
          ],
          "failures": [],
          "pending": [],
          "skipped": [],
          "duration": 11364,
          "root": false,
          "rootEmpty": false,
          "_timeout": 2000
        }
      ],
      "passes": [],
      "failures": [],
      "pending": [],
      "skipped": [],
      "duration": 0,
      "root": true,
      "rootEmpty": true,
      "_timeout": 2000
    }
  ],
  "meta": {
    "mocha": {
      "version": "7.2.0"
    },
    "mochawesome": {
      "options": {
        "quiet": false,
        "reportFilename": "mochawesome",
        "saveHtml": true,
        "saveJson": true,
        "consoleReporter": "spec",
        "useInlineDiffs": false,
        "code": true
      },
      "version": "7.1.3"
    },
    "marge": {
      "options": {
        "reportDir": "cypress/results",
        "reportFilename": "mochawesome",
        "overwrite": true,
        "html": true,
        "json": true
      },
      "version": "6.2.0"
    }
  }
}